2021-05-13 14:07:59,202 INFO org.springframework.boot.StartupInfoLogger [restartedMain] Starting HappywagonApplication using Java 1.8.0_292 on ubuntu-20 with PID 163823 (/home/meghna/Desktop/spepro/TheGiftLibrary/target/classes started by meghna in /home/meghna/Desktop/spepro/TheGiftLibrary)
2021-05-13 14:07:59,207 INFO org.springframework.boot.SpringApplication [restartedMain] No active profile set, falling back to default profiles: default
2021-05-13 14:07:59,350 INFO org.springframework.boot.logging.DeferredLog [restartedMain] Devtools property defaults active! Set 'spring.devtools.add-properties' to 'false' to disable
2021-05-13 14:07:59,351 INFO org.springframework.boot.logging.DeferredLog [restartedMain] For additional web related logging consider setting the 'logging.level.web' property to 'DEBUG'
2021-05-13 14:08:00,445 INFO org.springframework.data.repository.config.RepositoryConfigurationDelegate [restartedMain] Bootstrapping Spring Data JPA repositories in DEFAULT mode.
2021-05-13 14:08:00,599 INFO org.springframework.data.repository.config.RepositoryConfigurationDelegate [restartedMain] Finished Spring Data repository scanning in 136 ms. Found 5 JPA repository interfaces.
2021-05-13 14:08:01,763 INFO org.springframework.boot.web.embedded.tomcat.TomcatWebServer [restartedMain] Tomcat initialized with port(s): 8085 (http)
2021-05-13 14:08:01,773 INFO org.apache.juli.logging.DirectJDKLog [restartedMain] Initializing ProtocolHandler ["http-nio-8085"]
2021-05-13 14:08:01,774 INFO org.apache.juli.logging.DirectJDKLog [restartedMain] Starting service [Tomcat]
2021-05-13 14:08:01,775 INFO org.apache.juli.logging.DirectJDKLog [restartedMain] Starting Servlet engine: [Apache Tomcat/9.0.44]
2021-05-13 14:08:01,858 INFO org.apache.juli.logging.DirectJDKLog [restartedMain] Initializing Spring embedded WebApplicationContext
2021-05-13 14:08:01,859 INFO org.springframework.boot.web.servlet.context.ServletWebServerApplicationContext [restartedMain] Root WebApplicationContext: initialization completed in 2506 ms
2021-05-13 14:08:08,509 INFO org.springframework.scheduling.concurrent.ExecutorConfigurationSupport [restartedMain] Initializing ExecutorService 'applicationTaskExecutor'
2021-05-13 14:08:08,527 DEBUG org.springframework.web.servlet.mvc.method.annotation.RequestMappingHandlerAdapter [restartedMain] ControllerAdvice beans: 0 @ModelAttribute, 0 @InitBinder, 1 RequestBodyAdvice, 1 ResponseBodyAdvice
2021-05-13 14:08:08,664 DEBUG org.springframework.web.servlet.handler.AbstractHandlerMethodMapping [restartedMain] 25 mappings in 'requestMappingHandlerMapping'
2021-05-13 14:08:08,734 DEBUG org.springframework.web.servlet.handler.SimpleUrlHandlerMapping [restartedMain] Patterns [/webjars/**, /**] in 'resourceHandlerMapping'
2021-05-13 14:08:08,755 DEBUG org.springframework.web.servlet.mvc.method.annotation.ExceptionHandlerExceptionResolver [restartedMain] ControllerAdvice beans: 0 @ExceptionHandler, 1 ResponseBodyAdvice
2021-05-13 14:08:08,935 INFO org.springframework.boot.devtools.autoconfigure.OptionalLiveReloadServer [restartedMain] LiveReload server is running on port 35729
2021-05-13 14:08:08,970 INFO org.apache.juli.logging.DirectJDKLog [restartedMain] Starting ProtocolHandler ["http-nio-8085"]
2021-05-13 14:08:09,000 INFO org.springframework.boot.web.embedded.tomcat.TomcatWebServer [restartedMain] Tomcat started on port(s): 8085 (http) with context path ''
2021-05-13 14:08:09,020 INFO org.springframework.boot.StartupInfoLogger [restartedMain] Started HappywagonApplication in 11.304 seconds (JVM running for 13.725)
2021-05-13 14:08:17,142 INFO org.apache.juli.logging.DirectJDKLog [http-nio-8085-exec-1] Initializing Spring DispatcherServlet 'dispatcherServlet'
2021-05-13 14:08:17,143 INFO org.springframework.web.servlet.FrameworkServlet [http-nio-8085-exec-1] Initializing Servlet 'dispatcherServlet'
2021-05-13 14:08:17,145 DEBUG org.springframework.web.servlet.DispatcherServlet [http-nio-8085-exec-1] Detected StandardServletMultipartResolver
2021-05-13 14:08:17,146 DEBUG org.springframework.web.servlet.DispatcherServlet [http-nio-8085-exec-1] Detected AcceptHeaderLocaleResolver
2021-05-13 14:08:17,146 DEBUG org.springframework.web.servlet.DispatcherServlet [http-nio-8085-exec-1] Detected FixedThemeResolver
2021-05-13 14:08:17,163 DEBUG org.springframework.web.servlet.DispatcherServlet [http-nio-8085-exec-1] Detected org.springframework.web.servlet.view.DefaultRequestToViewNameTranslator@260e67ed
2021-05-13 14:08:17,166 DEBUG org.springframework.web.servlet.DispatcherServlet [http-nio-8085-exec-1] Detected org.springframework.web.servlet.support.SessionFlashMapManager@415c9ffb
2021-05-13 14:08:17,168 DEBUG org.springframework.web.servlet.FrameworkServlet [http-nio-8085-exec-1] enableLoggingRequestDetails='false': request parameters and headers will be masked to prevent unsafe logging of potentially sensitive data
2021-05-13 14:08:17,170 INFO org.springframework.web.servlet.FrameworkServlet [http-nio-8085-exec-1] Completed initialization in 25 ms
2021-05-13 14:08:17,215 DEBUG org.springframework.core.log.LogFormatUtils [http-nio-8085-exec-1] GET "/artists", parameters={}
2021-05-13 14:08:17,237 DEBUG org.springframework.web.servlet.handler.AbstractHandlerMapping [http-nio-8085-exec-1] Mapped to com.example.happywagon.controller.ArtistsController#getArtists()
2021-05-13 14:08:17,725 INFO com.example.happywagon.controller.ArtistsController [http-nio-8085-exec-1] getting all the artists
2021-05-13 14:08:17,808 DEBUG org.springframework.web.servlet.mvc.method.annotation.AbstractMessageConverterMethodProcessor [http-nio-8085-exec-1] Using 'application/json', given [application/json, text/plain, */*] and supported [application/json, application/*+json, application/json, application/*+json]
2021-05-13 14:08:17,810 DEBUG org.springframework.core.log.LogFormatUtils [http-nio-8085-exec-1] Writing [[com.example.happywagon.bean.Artists@77e9d17c, com.example.happywagon.bean.Artists@c1fbe10, com.exam (truncated)...]
2021-05-13 14:08:17,891 DEBUG org.springframework.web.servlet.FrameworkServlet [http-nio-8085-exec-1] Completed 200 OK
2021-05-13 14:08:18,031 DEBUG org.springframework.core.log.LogFormatUtils [http-nio-8085-exec-4] GET "/artists/image/2", parameters={}
2021-05-13 14:08:18,036 DEBUG org.springframework.web.servlet.handler.AbstractHandlerMapping [http-nio-8085-exec-4] Mapped to com.example.happywagon.controller.ArtistsController#getArtistImage(String)
2021-05-13 14:08:18,044 DEBUG org.springframework.core.log.LogFormatUtils [http-nio-8085-exec-3] GET "/artists/image/4", parameters={}
2021-05-13 14:08:18,045 DEBUG org.springframework.web.servlet.handler.AbstractHandlerMapping [http-nio-8085-exec-3] Mapped to com.example.happywagon.controller.ArtistsController#getArtistImage(String)
2021-05-13 14:08:18,049 DEBUG org.springframework.core.log.LogFormatUtils [http-nio-8085-exec-5] GET "/artists/image/3", parameters={}
2021-05-13 14:08:18,050 DEBUG org.springframework.web.servlet.handler.AbstractHandlerMapping [http-nio-8085-exec-5] Mapped to com.example.happywagon.controller.ArtistsController#getArtistImage(String)
2021-05-13 14:08:18,053 DEBUG org.springframework.core.log.LogFormatUtils [http-nio-8085-exec-2] GET "/artists/image/1", parameters={}
2021-05-13 14:08:18,073 DEBUG org.springframework.web.servlet.handler.AbstractHandlerMapping [http-nio-8085-exec-2] Mapped to com.example.happywagon.controller.ArtistsController#getArtistImage(String)
2021-05-13 14:08:18,230 DEBUG org.springframework.web.servlet.mvc.method.annotation.AbstractMessageConverterMethodProcessor [http-nio-8085-exec-4] Using 'application/json', given [application/json, text/plain, */*] and supported [*/*, application/json, application/*+json, application/json, application/*+json]
2021-05-13 14:08:18,231 DEBUG org.springframework.web.servlet.mvc.method.annotation.AbstractMessageConverterMethodProcessor [http-nio-8085-exec-2] Using 'application/json', given [application/json, text/plain, */*] and supported [*/*, application/json, application/*+json, application/json, application/*+json]
2021-05-13 14:08:18,231 DEBUG org.springframework.core.log.LogFormatUtils [http-nio-8085-exec-4] Writing [URL [file:/home/meghna/Desktop/images/aishwarya-vohra.jpeg]]
2021-05-13 14:08:18,231 DEBUG org.springframework.core.log.LogFormatUtils [http-nio-8085-exec-2] Writing [URL [file:/home/meghna/Desktop/images/Alicia-Souza.jpg]]
2021-05-13 14:08:18,233 DEBUG org.springframework.web.servlet.mvc.method.annotation.AbstractMessageConverterMethodProcessor [http-nio-8085-exec-5] Using 'application/json', given [application/json, text/plain, */*] and supported [*/*, application/json, application/*+json, application/json, application/*+json]
2021-05-13 14:08:18,234 DEBUG org.springframework.core.log.LogFormatUtils [http-nio-8085-exec-5] Writing [URL [file:/home/meghna/Desktop/images/tatiana-abaurre.jpg]]
2021-05-13 14:08:18,230 DEBUG org.springframework.web.servlet.mvc.method.annotation.AbstractMessageConverterMethodProcessor [http-nio-8085-exec-3] Using 'application/json', given [application/json, text/plain, */*] and supported [*/*, application/json, application/*+json, application/json, application/*+json]
2021-05-13 14:08:18,237 DEBUG org.springframework.web.servlet.FrameworkServlet [http-nio-8085-exec-2] Completed 200 OK
2021-05-13 14:08:18,235 DEBUG org.springframework.core.log.LogFormatUtils [http-nio-8085-exec-3] Writing [URL [file:/home/meghna/Desktop/images/gail.jpeg]]
2021-05-13 14:08:18,244 DEBUG org.springframework.web.servlet.FrameworkServlet [http-nio-8085-exec-4] Completed 200 OK
2021-05-13 14:08:18,253 DEBUG org.springframework.web.servlet.FrameworkServlet [http-nio-8085-exec-5] Completed 200 OK
2021-05-13 14:08:18,269 DEBUG org.springframework.web.servlet.FrameworkServlet [http-nio-8085-exec-3] Completed 200 OK
2021-05-13 14:08:39,392 DEBUG org.springframework.core.log.LogFormatUtils [http-nio-8085-exec-10] GET "/artists/hello@aliciasouza.com", parameters={}
2021-05-13 14:08:39,394 DEBUG org.springframework.web.servlet.handler.AbstractHandlerMapping [http-nio-8085-exec-10] Mapped to com.example.happywagon.controller.ArtistsController#getArtist(String)
2021-05-13 14:08:39,396 INFO com.example.happywagon.controller.ArtistsController [http-nio-8085-exec-10] getting the artist with email: hello@aliciasouza.com
2021-05-13 14:08:39,506 DEBUG org.springframework.web.servlet.mvc.method.annotation.AbstractMessageConverterMethodProcessor [http-nio-8085-exec-10] Using 'application/json', given [application/json, text/plain, */*] and supported [application/json, application/*+json, application/json, application/*+json]
2021-05-13 14:08:39,507 DEBUG org.springframework.core.log.LogFormatUtils [http-nio-8085-exec-10] Writing [com.example.happywagon.bean.Artists@621ccdba]
2021-05-13 14:08:39,541 DEBUG org.springframework.web.servlet.FrameworkServlet [http-nio-8085-exec-10] Completed 200 OK
2021-05-13 14:08:47,676 DEBUG org.springframework.core.log.LogFormatUtils [http-nio-8085-exec-1] GET "/categories", parameters={}
2021-05-13 14:08:47,677 DEBUG org.springframework.web.servlet.handler.AbstractHandlerMapping [http-nio-8085-exec-1] Mapped to com.example.happywagon.controller.CategoriesController#getCategories()
2021-05-13 14:08:47,678 INFO com.example.happywagon.controller.CategoriesController [http-nio-8085-exec-1] getting all the categories
2021-05-13 14:08:47,761 DEBUG org.springframework.web.servlet.mvc.method.annotation.AbstractMessageConverterMethodProcessor [http-nio-8085-exec-1] Using 'application/json', given [application/json, text/plain, */*] and supported [application/json, application/*+json, application/json, application/*+json]
2021-05-13 14:08:47,770 DEBUG org.springframework.core.log.LogFormatUtils [http-nio-8085-exec-1] Writing [[com.example.happywagon.bean.Categories@7b1a10bc, com.example.happywagon.bean.Categories@64b9a875, c (truncated)...]
2021-05-13 14:08:47,784 DEBUG org.springframework.web.servlet.FrameworkServlet [http-nio-8085-exec-1] Completed 200 OK
2021-05-13 14:08:51,799 DEBUG org.springframework.core.log.LogFormatUtils [http-nio-8085-exec-4] GET "/productsArt/hello@aliciasouza.com", parameters={}
2021-05-13 14:08:51,801 DEBUG org.springframework.web.servlet.handler.AbstractHandlerMapping [http-nio-8085-exec-4] Mapped to com.example.happywagon.controller.ProductsController#getProductsByArtist(String)
2021-05-13 14:08:51,804 INFO com.example.happywagon.controller.ProductsController [http-nio-8085-exec-4] getting all the products of email: hello@aliciasouza.com
2021-05-13 14:08:51,974 DEBUG org.springframework.web.servlet.mvc.method.annotation.AbstractMessageConverterMethodProcessor [http-nio-8085-exec-4] Using 'application/json', given [application/json, text/plain, */*] and supported [application/json, application/*+json, application/json, application/*+json]
2021-05-13 14:08:51,975 DEBUG org.springframework.core.log.LogFormatUtils [http-nio-8085-exec-4] Writing [[com.example.happywagon.bean.Products@72462f68, com.example.happywagon.bean.Products@6527722d, com.e (truncated)...]
2021-05-13 14:08:51,983 DEBUG org.springframework.web.servlet.FrameworkServlet [http-nio-8085-exec-4] Completed 200 OK
2021-05-13 14:08:55,023 DEBUG org.springframework.core.log.LogFormatUtils [http-nio-8085-exec-5] GET "/artists/hello@aliciasouza.com", parameters={}
2021-05-13 14:08:55,025 DEBUG org.springframework.web.servlet.handler.AbstractHandlerMapping [http-nio-8085-exec-5] Mapped to com.example.happywagon.controller.ArtistsController#getArtist(String)
2021-05-13 14:08:55,034 INFO com.example.happywagon.controller.ArtistsController [http-nio-8085-exec-5] getting the artist with email: hello@aliciasouza.com
2021-05-13 14:08:55,090 DEBUG org.springframework.web.servlet.mvc.method.annotation.AbstractMessageConverterMethodProcessor [http-nio-8085-exec-5] Using 'application/json', given [application/json, text/plain, */*] and supported [application/json, application/*+json, application/json, application/*+json]
2021-05-13 14:08:55,093 DEBUG org.springframework.core.log.LogFormatUtils [http-nio-8085-exec-5] Writing [com.example.happywagon.bean.Artists@2f8879b4]
2021-05-13 14:08:55,098 DEBUG org.springframework.web.servlet.FrameworkServlet [http-nio-8085-exec-5] Completed 200 OK
2021-05-13 14:09:51,555 DEBUG org.springframework.core.log.LogFormatUtils [http-nio-8085-exec-6] POST "/register", parameters={masked}
2021-05-13 14:09:51,563 DEBUG org.springframework.web.servlet.handler.AbstractHandlerMapping [http-nio-8085-exec-6] Mapped to com.example.happywagon.controller.ArtistsController#registerArtist(MultipartFile, String, String, String, String, String, String)
2021-05-13 14:09:51,808 DEBUG org.springframework.web.servlet.mvc.method.annotation.AbstractMessageConverterMethodProcessor [http-nio-8085-exec-6] Using 'application/json', given [application/json, text/plain, */*] and supported [text/plain, */*, text/plain, */*, application/json, application/*+json, application/json, application/*+json]
2021-05-13 14:09:51,810 DEBUG org.springframework.core.log.LogFormatUtils [http-nio-8085-exec-6] Writing ["ok"]
2021-05-13 14:09:51,812 DEBUG org.springframework.web.servlet.FrameworkServlet [http-nio-8085-exec-6] Completed 200 OK
2021-05-13 14:10:04,655 DEBUG org.springframework.core.log.LogFormatUtils [http-nio-8085-exec-7] GET "/artists", parameters={}
2021-05-13 14:10:04,655 DEBUG org.springframework.web.servlet.handler.AbstractHandlerMapping [http-nio-8085-exec-7] Mapped to com.example.happywagon.controller.ArtistsController#getArtists()
2021-05-13 14:10:04,656 INFO com.example.happywagon.controller.ArtistsController [http-nio-8085-exec-7] getting all the artists
2021-05-13 14:10:04,713 DEBUG org.springframework.web.servlet.mvc.method.annotation.AbstractMessageConverterMethodProcessor [http-nio-8085-exec-7] Using 'application/json', given [application/json, text/plain, */*] and supported [application/json, application/*+json, application/json, application/*+json]
2021-05-13 14:10:04,714 DEBUG org.springframework.core.log.LogFormatUtils [http-nio-8085-exec-7] Writing [[com.example.happywagon.bean.Artists@27d4d76c, com.example.happywagon.bean.Artists@7f4382a7, com.exa (truncated)...]
2021-05-13 14:10:04,717 DEBUG org.springframework.web.servlet.FrameworkServlet [http-nio-8085-exec-7] Completed 200 OK
2021-05-13 14:10:04,789 DEBUG org.springframework.core.log.LogFormatUtils [http-nio-8085-exec-9] GET "/artists/image/1", parameters={}
2021-05-13 14:10:04,791 DEBUG org.springframework.web.servlet.handler.AbstractHandlerMapping [http-nio-8085-exec-9] Mapped to com.example.happywagon.controller.ArtistsController#getArtistImage(String)
2021-05-13 14:10:04,817 DEBUG org.springframework.core.log.LogFormatUtils [http-nio-8085-exec-1] GET "/artists/image/3", parameters={}
2021-05-13 14:10:04,818 DEBUG org.springframework.core.log.LogFormatUtils [http-nio-8085-exec-2] GET "/artists/image/4", parameters={}
2021-05-13 14:10:04,819 DEBUG org.springframework.web.servlet.handler.AbstractHandlerMapping [http-nio-8085-exec-1] Mapped to com.example.happywagon.controller.ArtistsController#getArtistImage(String)
2021-05-13 14:10:04,822 DEBUG org.springframework.core.log.LogFormatUtils [http-nio-8085-exec-10] GET "/artists/image/2", parameters={}
2021-05-13 14:10:04,825 DEBUG org.springframework.web.servlet.handler.AbstractHandlerMapping [http-nio-8085-exec-2] Mapped to com.example.happywagon.controller.ArtistsController#getArtistImage(String)
2021-05-13 14:10:04,829 DEBUG org.springframework.web.servlet.handler.AbstractHandlerMapping [http-nio-8085-exec-10] Mapped to com.example.happywagon.controller.ArtistsController#getArtistImage(String)
2021-05-13 14:10:04,853 DEBUG org.springframework.core.log.LogFormatUtils [http-nio-8085-exec-4] GET "/artists/image/5", parameters={}
2021-05-13 14:10:04,855 DEBUG org.springframework.web.servlet.handler.AbstractHandlerMapping [http-nio-8085-exec-4] Mapped to com.example.happywagon.controller.ArtistsController#getArtistImage(String)
2021-05-13 14:10:04,998 DEBUG org.springframework.web.servlet.mvc.method.annotation.AbstractMessageConverterMethodProcessor [http-nio-8085-exec-4] Using 'application/json', given [application/json, text/plain, */*] and supported [*/*, application/json, application/*+json, application/json, application/*+json]
2021-05-13 14:10:05,002 DEBUG org.springframework.core.log.LogFormatUtils [http-nio-8085-exec-4] Writing [URL [file:/home/meghna/Desktop/images/prod1.jpeg_5]]
2021-05-13 14:10:05,014 DEBUG org.springframework.web.servlet.mvc.method.annotation.AbstractMessageConverterMethodProcessor [http-nio-8085-exec-10] Using 'application/json', given [application/json, text/plain, */*] and supported [*/*, application/json, application/*+json, application/json, application/*+json]
2021-05-13 14:10:05,015 DEBUG org.springframework.core.log.LogFormatUtils [http-nio-8085-exec-10] Writing [URL [file:/home/meghna/Desktop/images/aishwarya-vohra.jpeg]]
2021-05-13 14:10:05,019 DEBUG org.springframework.web.servlet.mvc.method.annotation.AbstractMessageConverterMethodProcessor [http-nio-8085-exec-9] Using 'application/json', given [application/json, text/plain, */*] and supported [*/*, application/json, application/*+json, application/json, application/*+json]
2021-05-13 14:10:05,019 DEBUG org.springframework.core.log.LogFormatUtils [http-nio-8085-exec-9] Writing [URL [file:/home/meghna/Desktop/images/Alicia-Souza.jpg]]
2021-05-13 14:10:05,023 DEBUG org.springframework.web.servlet.FrameworkServlet [http-nio-8085-exec-9] Completed 200 OK
2021-05-13 14:10:05,026 DEBUG org.springframework.web.servlet.FrameworkServlet [http-nio-8085-exec-10] Completed 200 OK
2021-05-13 14:10:05,023 DEBUG org.springframework.web.servlet.mvc.method.annotation.AbstractMessageConverterMethodProcessor [http-nio-8085-exec-1] Using 'application/json', given [application/json, text/plain, */*] and supported [*/*, application/json, application/*+json, application/json, application/*+json]
2021-05-13 14:10:05,029 DEBUG org.springframework.core.log.LogFormatUtils [http-nio-8085-exec-1] Writing [URL [file:/home/meghna/Desktop/images/tatiana-abaurre.jpg]]
2021-05-13 14:10:05,032 DEBUG org.springframework.web.servlet.mvc.method.annotation.AbstractMessageConverterMethodProcessor [http-nio-8085-exec-2] Using 'application/json', given [application/json, text/plain, */*] and supported [*/*, application/json, application/*+json, application/json, application/*+json]
2021-05-13 14:10:05,033 DEBUG org.springframework.core.log.LogFormatUtils [http-nio-8085-exec-2] Writing [URL [file:/home/meghna/Desktop/images/gail.jpeg]]
2021-05-13 14:10:05,032 DEBUG org.springframework.web.servlet.FrameworkServlet [http-nio-8085-exec-4] Completed 200 OK
2021-05-13 14:10:05,038 DEBUG org.springframework.web.servlet.FrameworkServlet [http-nio-8085-exec-2] Completed 200 OK
2021-05-13 14:10:05,040 DEBUG org.springframework.web.servlet.FrameworkServlet [http-nio-8085-exec-1] Completed 200 OK
2021-05-13 14:10:10,067 DEBUG org.springframework.core.log.LogFormatUtils [http-nio-8085-exec-9] OPTIONS "/artists/5", parameters={}
2021-05-13 14:10:10,068 DEBUG org.springframework.web.servlet.handler.AbstractHandlerMapping [http-nio-8085-exec-9] Mapped to com.example.happywagon.controller.ArtistsController#deleteArtist(String)
2021-05-13 14:10:10,071 DEBUG org.springframework.web.servlet.FrameworkServlet [http-nio-8085-exec-9] Completed 200 OK
2021-05-13 14:10:10,083 DEBUG org.springframework.core.log.LogFormatUtils [http-nio-8085-exec-9] DELETE "/artists/5", parameters={}
2021-05-13 14:10:10,084 DEBUG org.springframework.web.servlet.handler.AbstractHandlerMapping [http-nio-8085-exec-9] Mapped to com.example.happywagon.controller.ArtistsController#deleteArtist(String)
2021-05-13 14:10:10,093 INFO com.example.happywagon.controller.ArtistsController [http-nio-8085-exec-9] deleting an artist with id: 
2021-05-13 14:10:10,243 DEBUG org.springframework.web.servlet.mvc.method.annotation.AbstractMessageConverterMethodProcessor [http-nio-8085-exec-9] Using 'application/json', given [application/json, text/plain, */*] and supported [application/json, application/*+json, application/json, application/*+json]
2021-05-13 14:10:10,244 DEBUG org.springframework.web.servlet.mvc.method.annotation.AbstractMessageConverterMethodProcessor [http-nio-8085-exec-9] Nothing to write: null body
2021-05-13 14:10:10,244 DEBUG org.springframework.web.servlet.FrameworkServlet [http-nio-8085-exec-9] Completed 200 OK
2021-05-13 14:10:15,605 DEBUG org.springframework.core.log.LogFormatUtils [http-nio-8085-exec-10] GET "/products", parameters={}
2021-05-13 14:10:15,606 DEBUG org.springframework.web.servlet.handler.AbstractHandlerMapping [http-nio-8085-exec-10] Mapped to com.example.happywagon.controller.ProductsController#getProducts()
2021-05-13 14:10:15,607 INFO com.example.happywagon.controller.ProductsController [http-nio-8085-exec-10] getting all the products
2021-05-13 14:10:15,697 DEBUG org.springframework.web.servlet.mvc.method.annotation.AbstractMessageConverterMethodProcessor [http-nio-8085-exec-10] Using 'application/json', given [application/json, text/plain, */*] and supported [application/json, application/*+json, application/json, application/*+json]
2021-05-13 14:10:15,698 DEBUG org.springframework.core.log.LogFormatUtils [http-nio-8085-exec-10] Writing [[com.example.happywagon.bean.Products@3e3df136, com.example.happywagon.bean.Products@6a1cabfc, com.e (truncated)...]
2021-05-13 14:10:15,704 DEBUG org.springframework.web.servlet.FrameworkServlet [http-nio-8085-exec-10] Completed 200 OK
2021-05-13 14:10:16,727 DEBUG org.springframework.core.log.LogFormatUtils [http-nio-8085-exec-4] GET "/crequests", parameters={}
2021-05-13 14:10:16,728 DEBUG org.springframework.web.servlet.handler.AbstractHandlerMapping [http-nio-8085-exec-4] Mapped to com.example.happywagon.controller.CategoriesRequestsController#getRequests()
2021-05-13 14:10:16,729 INFO com.example.happywagon.controller.CategoriesRequestsController [http-nio-8085-exec-4] getting all the category requests
2021-05-13 14:10:16,791 DEBUG org.springframework.web.servlet.mvc.method.annotation.AbstractMessageConverterMethodProcessor [http-nio-8085-exec-4] Using 'application/json', given [application/json, text/plain, */*] and supported [application/json, application/*+json, application/json, application/*+json]
2021-05-13 14:10:16,791 DEBUG org.springframework.core.log.LogFormatUtils [http-nio-8085-exec-4] Writing [[com.example.happywagon.bean.Category_Request@75e574c5, com.example.happywagon.bean.Category_Request (truncated)...]
2021-05-13 14:10:16,796 DEBUG org.springframework.web.servlet.FrameworkServlet [http-nio-8085-exec-4] Completed 200 OK
2021-05-13 14:10:23,567 DEBUG org.springframework.core.log.LogFormatUtils [http-nio-8085-exec-2] GET "/categories", parameters={}
2021-05-13 14:10:23,568 DEBUG org.springframework.web.servlet.handler.AbstractHandlerMapping [http-nio-8085-exec-2] Mapped to com.example.happywagon.controller.CategoriesController#getCategories()
2021-05-13 14:10:23,570 INFO com.example.happywagon.controller.CategoriesController [http-nio-8085-exec-2] getting all the categories
2021-05-13 14:10:23,615 DEBUG org.springframework.web.servlet.mvc.method.annotation.AbstractMessageConverterMethodProcessor [http-nio-8085-exec-2] Using 'application/json', given [application/json, text/plain, */*] and supported [application/json, application/*+json, application/json, application/*+json]
2021-05-13 14:10:23,615 DEBUG org.springframework.core.log.LogFormatUtils [http-nio-8085-exec-2] Writing [[com.example.happywagon.bean.Categories@38d669ea, com.example.happywagon.bean.Categories@1a30b4a5, c (truncated)...]
2021-05-13 14:10:23,618 DEBUG org.springframework.web.servlet.FrameworkServlet [http-nio-8085-exec-2] Completed 200 OK
2021-05-13 14:10:50,346 INFO org.springframework.scheduling.concurrent.ExecutorConfigurationSupport [SpringContextShutdownHook] Shutting down ExecutorService 'applicationTaskExecutor'
